desc: --massif-out-file=massif_3000.out
cmd: ./multi_openMP 3000 4
time_unit: i
#-----------
snapshot=0
#-----------
time=0
mem_heap_B=0
mem_heap_extra_B=0
mem_stacks_B=0
heap_tree=empty
#-----------
snapshot=1
#-----------
time=189176
mem_heap_B=8
mem_heap_extra_B=16
mem_stacks_B=0
heap_tree=empty
#-----------
snapshot=2
#-----------
time=193866
mem_heap_B=104
mem_heap_extra_B=24
mem_stacks_B=0
heap_tree=empty
#-----------
snapshot=3
#-----------
time=225660
mem_heap_B=72000104
mem_heap_extra_B=3552
mem_stacks_B=0
heap_tree=empty
#-----------
snapshot=4
#-----------
time=225697
mem_heap_B=144000104
mem_heap_extra_B=7080
mem_stacks_B=0
heap_tree=empty
#-----------
snapshot=5
#-----------
time=225734
mem_heap_B=216000104
mem_heap_extra_B=10608
mem_stacks_B=0
heap_tree=empty
#-----------
snapshot=6
#-----------
time=1097648385
mem_heap_B=216000328
mem_heap_extra_B=10616
mem_stacks_B=0
heap_tree=empty
#-----------
snapshot=7
#-----------
time=1097650559
mem_heap_B=216000520
mem_heap_extra_B=10624
mem_stacks_B=0
heap_tree=empty
#-----------
snapshot=8
#-----------
time=1097651469
mem_heap_B=216002792
mem_heap_extra_B=10664
mem_stacks_B=0
heap_tree=empty
#-----------
snapshot=9
#-----------
time=1097652523
mem_heap_B=216002832
mem_heap_extra_B=10680
mem_stacks_B=0
heap_tree=detailed
n4: 216002832 (heap allocation functions) malloc/new/new[], --alloc-fns, etc.
 n0: 72000000 0x40011A5: main (in /home/juni/Documentos/Uni/HPC/openMP/multi_openMP)
 n0: 72000000 0x40011B5: main (in /home/juni/Documentos/Uni/HPC/openMP/multi_openMP)
 n0: 72000000 0x40011C5: main (in /home/juni/Documentos/Uni/HPC/openMP/multi_openMP)
 n0: 2832 in 4 places, all below massif's threshold (1.00%)
#-----------
snapshot=10
#-----------
time=1097653941
mem_heap_B=216003120
mem_heap_extra_B=10688
mem_stacks_B=0
heap_tree=empty
#-----------
snapshot=11
#-----------
time=1097654966
mem_heap_B=216003408
mem_heap_extra_B=10696
mem_stacks_B=0
heap_tree=empty
#-----------
snapshot=12
#-----------
time=1097655917
mem_heap_B=216003696
mem_heap_extra_B=10704
mem_stacks_B=0
heap_tree=empty
#-----------
snapshot=13
#-----------
time=217180713791
mem_heap_B=216004720
mem_heap_extra_B=10712
mem_stacks_B=0
heap_tree=empty
#-----------
snapshot=14
#-----------
time=217185494525
mem_heap_B=216004720
mem_heap_extra_B=10712
mem_stacks_B=0
heap_tree=peak
n4: 216004720 (heap allocation functions) malloc/new/new[], --alloc-fns, etc.
 n0: 72000000 0x40011A5: main (in /home/juni/Documentos/Uni/HPC/openMP/multi_openMP)
 n0: 72000000 0x40011B5: main (in /home/juni/Documentos/Uni/HPC/openMP/multi_openMP)
 n0: 72000000 0x40011C5: main (in /home/juni/Documentos/Uni/HPC/openMP/multi_openMP)
 n0: 4720 in 6 places, all below massif's threshold (1.00%)
#-----------
snapshot=15
#-----------
time=217185494525
mem_heap_B=144004720
mem_heap_extra_B=7184
mem_stacks_B=0
heap_tree=empty
#-----------
snapshot=16
#-----------
time=217185494554
mem_heap_B=72004720
mem_heap_extra_B=3656
mem_stacks_B=0
heap_tree=empty
#-----------
snapshot=17
#-----------
time=217185494583
mem_heap_B=4720
mem_heap_extra_B=128
mem_stacks_B=0
heap_tree=empty
#-----------
snapshot=18
#-----------
time=217185498712
mem_heap_B=3696
mem_heap_extra_B=120
mem_stacks_B=0
heap_tree=empty
